<?xml version="1.0" encoding="UTF-8"?>
<!-- Generated by org.testng.reporters.JUnitReportReporter -->
<testsuite skipped="0" hostname="LAPTOP-8UBEUCNK" name="testngframework.testngframework.basicAnnotationsTestNG" tests="2" failures="0" timestamp="02 Nov 2019 12:46:25 GMT" time="0.007" errors="0">
  <testcase name="test10" time="0.006" classname="testngframework.testngframework.basicAnnotationsTestNG"/>
  <testcase name="test5" time="0.001" classname="testngframework.testngframework.basicAnnotationsTestNG"/>
</testsuite> <!-- testngframework.testngframework.basicAnnotationsTestNG -->
