<?xml version="1.0" encoding="UTF-8"?>
<!-- Generated by org.testng.reporters.JUnitReportReporter -->
<testsuite skipped="0" hostname="LAPTOP-8UBEUCNK" name="testngframework.testngframework.AnotherTestNGClass" tests="2" failures="0" timestamp="16 Nov 2019 09:03:40 GMT" time="0.012" errors="0">
  <testcase name="test3" time="0.004" classname="testngframework.testngframework.AnotherTestNGClass"/>
  <testcase name="test4" time="0.008" classname="testngframework.testngframework.AnotherTestNGClass"/>
</testsuite> <!-- testngframework.testngframework.AnotherTestNGClass -->
