<?xml version="1.0" encoding="UTF-8"?>
<!-- Generated by org.testng.reporters.JUnitReportReporter -->
<testsuite skipped="0" hostname="LAPTOP-8UBEUCNK" name="testngframework.testngframework.RunThroughTestNGXML" tests="4" failures="0" timestamp="02 Nov 2019 14:45:34 GMT" time="0.015" errors="0">
  <testcase name="test" time="0.015" classname="testngframework.testngframework.RunThroughTestNGXML"/>
  <testcase name="test2" time="0.000" classname="testngframework.testngframework.RunThroughTestNGXML"/>
  <testcase name="test3" time="0.000" classname="testngframework.testngframework.RunThroughTestNGXML"/>
  <testcase name="test1" time="0.000" classname="testngframework.testngframework.RunThroughTestNGXML"/>
</testsuite> <!-- testngframework.testngframework.RunThroughTestNGXML -->
