<?xml version="1.0" encoding="UTF-8"?>
<!-- Generated by org.testng.reporters.JUnitReportReporter -->
<testsuite skipped="0" hostname="LAPTOP-8UBEUCNK" name="testngframework.testngframework.RunThroughTestNGXML" tests="5" failures="0" timestamp="16 Nov 2019 09:03:40 GMT" time="0.028" errors="0">
  <testcase name="test1" time="0.004" classname="testngframework.testngframework.RunThroughTestNGXML"/>
  <testcase name="test1" time="0.008" classname="testngframework.testngframework.RunThroughTestNGXML"/>
  <testcase name="testSanity" time="0.012" classname="testngframework.testngframework.RunThroughTestNGXML"/>
  <testcase name="test1" time="0.004" classname="testngframework.testngframework.RunThroughTestNGXML"/>
  <testcase name="test2" time="0.000" classname="testngframework.testngframework.RunThroughTestNGXML"/>
</testsuite> <!-- testngframework.testngframework.RunThroughTestNGXML -->
